<?xml version="1.0" encoding="utf-8" standalone="no"?>
<test-run id="2" testcasecount="4" result="Failed" total="4" passed="3" failed="1" inconclusive="0" skipped="0" asserts="2" engine-version="3.10.0.0" clr-version="4.0.30319.42000" start-time="2020-01-05 13:54:20Z" end-time="2020-01-05 13:54:25Z" duration="4.597070">
  <command-line><![CDATA["C:\Users\mccor.LAPTOP-T6T0BN1K\source\repos\ParseLogs\packages\NUnit.ConsoleRunner.3.10.0\tools\nunit3-console.exe" .\ParseLogs.Test\ParseLogs.Test.csproj]]></command-line>
  <test-suite type="Assembly" id="1-1008" name="ParseLogs.Test.dll" fullname="C:\Users\mccor.LAPTOP-T6T0BN1K\source\repos\ParseLogs\ParseLogs.Test\bin\Debug\ParseLogs.Test.dll" runstate="Runnable" testcasecount="4" result="Failed" site="Child" start-time="2020-01-05 13:54:21Z" end-time="2020-01-05 13:54:24Z" duration="3.212070" total="4" passed="3" failed="1" warnings="0" inconclusive="0" skipped="0" asserts="2">
    <environment framework-version="3.12.0.0" clr-version="4.0.30319.42000" os-version="Microsoft Windows NT 10.0.18363.0" platform="Win32NT" cwd="C:\Users\mccor.LAPTOP-T6T0BN1K\source\repos\ParseLogs" machine-name="EXOMAIL-87976" user="mccor" user-domain="EXOMAIL-87976" culture="en-US" uiculture="en-US" os-architecture="x64" />
    <settings>
      <setting name="BasePath" value="C:\Users\mccor.LAPTOP-T6T0BN1K\source\repos\ParseLogs\ParseLogs.Test\bin\Debug\" />
      <setting name="DisposeRunners" value="True" />
      <setting name="WorkDirectory" value="C:\Users\mccor.LAPTOP-T6T0BN1K\source\repos\ParseLogs" />
      <setting name="ImageRuntimeVersion" value="4.0.30319" />
      <setting name="ImageTargetFrameworkName" value=".NETFramework,Version=v4.6.1" />
      <setting name="ImageRequiresX86" value="False" />
      <setting name="ImageRequiresDefaultAppDomainAssemblyResolver" value="False" />
      <setting name="NumberOfTestWorkers" value="8" />
    </settings>
    <properties>
      <property name="_PID" value="36744" />
      <property name="_APPDOMAIN" value="domain-68e8e8b7-ParseLogs.Test.csproj" />
    </properties>
    <failure>
      <message><![CDATA[One or more child tests had errors]]></message>
    </failure>
    <test-suite type="TestSuite" id="1-1009" name="ParseLogs" fullname="ParseLogs" runstate="Runnable" testcasecount="4" result="Failed" site="Child" start-time="2020-01-05 13:54:21Z" end-time="2020-01-05 13:54:24Z" duration="3.177789" total="4" passed="3" failed="1" warnings="0" inconclusive="0" skipped="0" asserts="2">
      <failure>
        <message><![CDATA[One or more child tests had errors]]></message>
      </failure>
      <test-suite type="TestSuite" id="1-1010" name="Test" fullname="ParseLogs.Test" runstate="Runnable" testcasecount="4" result="Failed" site="Child" start-time="2020-01-05 13:54:21Z" end-time="2020-01-05 13:54:24Z" duration="3.176648" total="4" passed="3" failed="1" warnings="0" inconclusive="0" skipped="0" asserts="2">
        <failure>
          <message><![CDATA[One or more child tests had errors]]></message>
        </failure>
        <test-suite type="TestFixture" id="1-1000" name="AppTests" fullname="ParseLogs.Test.AppTests" classname="ParseLogs.Test.AppTests" runstate="Runnable" testcasecount="1" result="Passed" start-time="2020-01-05 13:54:21Z" end-time="2020-01-05 13:54:21Z" duration="0.032924" total="1" passed="1" failed="0" warnings="0" inconclusive="0" skipped="0" asserts="0">
          <test-case id="1-1001" name="InitCatalogTest" fullname="ParseLogs.Test.AppTests.InitCatalogTest" methodname="InitCatalogTest" classname="ParseLogs.Test.AppTests" runstate="Runnable" seed="1687408690" result="Passed" start-time="2020-01-05 13:54:21Z" end-time="2020-01-05 13:54:21Z" duration="0.012416" asserts="0" />
        </test-suite>
        <test-suite type="TestFixture" id="1-1002" name="ContainerHelperTests" fullname="ParseLogs.Test.ContainerHelperTests" classname="ParseLogs.Test.ContainerHelperTests" runstate="Runnable" testcasecount="1" result="Passed" start-time="2020-01-05 13:54:21Z" end-time="2020-01-05 13:54:21Z" duration="0.191910" total="1" passed="1" failed="0" warnings="0" inconclusive="0" skipped="0" asserts="1">
          <test-case id="1-1003" name="InitializeContainerTest" fullname="ParseLogs.Test.ContainerHelperTests.InitializeContainerTest" methodname="InitializeContainerTest" classname="ParseLogs.Test.ContainerHelperTests" runstate="Runnable" seed="975220386" result="Passed" start-time="2020-01-05 13:54:21Z" end-time="2020-01-05 13:54:21Z" duration="0.191395" asserts="1" />
        </test-suite>
        <test-suite type="TestFixture" id="1-1004" name="LogFinderTests" fullname="ParseLogs.Test.LogFinderTests" classname="ParseLogs.Test.LogFinderTests" runstate="Runnable" testcasecount="1" result="Failed" site="Child" start-time="2020-01-05 13:54:21Z" end-time="2020-01-05 13:54:24Z" duration="2.914754" total="1" passed="0" failed="1" warnings="0" inconclusive="0" skipped="0" asserts="0">
          <failure>
            <message><![CDATA[One or more child tests had errors]]></message>
          </failure>
          <test-case id="1-1005" name="ExecuteTest" fullname="ParseLogs.Test.LogFinderTests.ExecuteTest" methodname="ExecuteTest" classname="ParseLogs.Test.LogFinderTests" runstate="Runnable" seed="2071547676" result="Failed" label="Error" start-time="2020-01-05 13:54:21Z" end-time="2020-01-05 13:54:24Z" duration="2.914608" asserts="0">
            <failure>
              <message><![CDATA[System.InvalidOperationException : The calling thread must be STA, because many UI components require this.]]></message>
              <stack-trace><![CDATA[   at System.Windows.Input.InputManager..ctor()
   at System.Windows.Input.InputManager.GetCurrentInputManagerImpl()
   at System.Windows.Input.KeyboardNavigation..ctor()
   at System.Windows.FrameworkElement.FrameworkServices..ctor()
   at System.Windows.FrameworkElement.EnsureFrameworkServices()
   at System.Windows.FrameworkElement..ctor()
   at ParseLogsLib.LogFinder..ctor() in C:\Users\mccor.LAPTOP-T6T0BN1K\source\repos\ParseLogs\ParseLogsLib\LogFinder.cs:line 80
   at ParseLogs.Test.LogFinderTests.ExecuteTest() in C:\Users\mccor.LAPTOP-T6T0BN1K\source\repos\ParseLogs\ParseLogs.Test\LogFinderTests.cs:line 18]]></stack-trace>
            </failure>
          </test-case>
        </test-suite>
        <test-suite type="TestFixture" id="1-1006" name="TestClass" fullname="ParseLogs.Test.TestClass" classname="ParseLogs.Test.TestClass" runstate="Runnable" testcasecount="1" result="Passed" start-time="2020-01-05 13:54:24Z" end-time="2020-01-05 13:54:24Z" duration="0.022462" total="1" passed="1" failed="0" warnings="0" inconclusive="0" skipped="0" asserts="1">
          <test-case id="1-1007" name="TestMethod" fullname="ParseLogs.Test.TestClass.TestMethod" methodname="TestMethod" classname="ParseLogs.Test.TestClass" runstate="Runnable" seed="296347078" result="Passed" start-time="2020-01-05 13:54:24Z" end-time="2020-01-05 13:54:24Z" duration="0.022207" asserts="1" />
        </test-suite>
      </test-suite>
    </test-suite>
  </test-suite>
</test-run>